<?xml version="1.0" encoding="UTF-8"?>
<!-- Generated by org.testng.reporters.JUnitReportReporter -->
<testsuite hostname="KOKATE-SR" failures="0" tests="1" name="serial_and_parallel.Parallel1" time="10.580" errors="0" timestamp="2022-03-23T12:54:04 IST" skipped="0">
  <testcase classname="serial_and_parallel.Parallel1" name="MyMethod" time="10.580"/>
  <system-out/>
</testsuite> <!-- serial_and_parallel.Parallel1 -->
