<?xml version="1.0" encoding="UTF-8"?>
<!-- Generated by org.testng.reporters.JUnitReportReporter -->
<testsuite hostname="KOKATE-SR" failures="0" tests="3" name="testNG_keyword.Invocation_Count_Study" time="0.009" errors="0" timestamp="2022-03-22T19:54:47 IST" skipped="0">
  <testcase classname="testNG_keyword.Invocation_Count_Study" name="a" time="0.006"/>
  <system-out>
    <![CDATA[running method a]]>
  </system-out>
  <testcase classname="testNG_keyword.Invocation_Count_Study" name="a" time="0.002"/>
  <system-out>
    <![CDATA[running method a]]>
  </system-out>
  <testcase classname="testNG_keyword.Invocation_Count_Study" name="a" time="0.001"/>
  <system-out>
    <![CDATA[running method a]]>
  </system-out>
</testsuite> <!-- testNG_keyword.Invocation_Count_Study -->
