<?xml version="1.0" encoding="UTF-8"?>
<!-- Generated by org.testng.reporters.JUnitReportReporter -->
<testsuite hostname="KOKATE-SR" failures="0" tests="2" name="testNG_study.test1" time="0.008" errors="0" timestamp="2022-03-18T20:51:19 IST" skipped="0">
  <testcase classname="testNG_study.test1" name="MyMethod2" time="0.002"/>
  <system-out>
    <![CDATA[welcome to testNG2]]>
  </system-out>
  <testcase classname="testNG_study.test1" name="MyMethod1" time="0.006"/>
  <system-out/>
</testsuite> <!-- testNG_study.test1 -->
