<?xml version="1.0" encoding="UTF-8"?>
<!-- Generated by org.testng.reporters.JUnitReportReporter -->
<testsuite hostname="KOKATE-SR" failures="0" tests="1" name="testNG_xml_study.Test_Group2" time="0.006" errors="0" timestamp="2022-03-23T12:48:17 IST" skipped="0">
  <testcase classname="testNG_xml_study.Test_Group2" name="TC4" time="0.006"/>
  <system-out>
    <![CDATA[Running TC4]]>
  </system-out>
</testsuite> <!-- testNG_xml_study.Test_Group2 -->
