<?xml version="1.0" encoding="UTF-8"?>
<!-- Generated by org.testng.reporters.JUnitReportReporter -->
<testsuite hostname="KOKATE-SR" failures="0" tests="1" name="kiteAppTestClasses.KIteUsernameValidation_PropertiesFile" time="2.558" errors="0" timestamp="2022-04-01T15:17:01 IST" skipped="0">
  <testcase classname="kiteAppTestClasses.KIteUsernameValidation_PropertiesFile" name="ValidateUserID" time="2.558"/>
  <system-out>
    <![CDATA[screenshot taken for TC 10]]>
  </system-out>
</testsuite> <!-- kiteAppTestClasses.KIteUsernameValidation_PropertiesFile -->
