<?xml version="1.0" encoding="UTF-8"?>
<!-- Generated by org.testng.reporters.JUnitReportReporter -->
<testsuite hostname="KOKATE-SR" failures="0" tests="3" name="testNG_study.DependsOn_Annotation_Study" time="0.010" errors="0" timestamp="2022-03-22T13:00:34 IST" skipped="0">
  <testcase classname="testNG_study.DependsOn_Annotation_Study" name="a" time="0.001"/>
  <system-out>
    <![CDATA[running a method]]>
  </system-out>
  <testcase classname="testNG_study.DependsOn_Annotation_Study" name="b" time="0.008"/>
  <system-out>
    <![CDATA[running b method]]>
  </system-out>
  <testcase classname="testNG_study.DependsOn_Annotation_Study" name="c" time="0.001"/>
  <system-out>
    <![CDATA[running c method]]>
  </system-out>
</testsuite> <!-- testNG_study.DependsOn_Annotation_Study -->
