<?xml version="1.0" encoding="UTF-8"?>
<!-- Generated by org.testng.reporters.JUnitReportReporter -->
<testsuite hostname="KOKATE-SR" failures="0" tests="3" name="testNG_keyword.Priority_Study" time="0.011" errors="0" timestamp="2022-03-22T13:34:03 IST" skipped="0">
  <testcase classname="testNG_keyword.Priority_Study" name="c" time="0.008"/>
  <system-out>
    <![CDATA[running method c]]>
  </system-out>
  <testcase classname="testNG_keyword.Priority_Study" name="a" time="0.001"/>
  <system-out>
    <![CDATA[running method a]]>
  </system-out>
  <testcase classname="testNG_keyword.Priority_Study" name="b" time="0.002"/>
  <system-out>
    <![CDATA[running method b]]>
  </system-out>
</testsuite> <!-- testNG_keyword.Priority_Study -->
