<?xml version="1.0" encoding="UTF-8"?>
<!-- Generated by org.testng.reporters.JUnitReportReporter -->
<testsuite hostname="KOKATE-SR" failures="0" tests="1" name="kite_pom_testng.KiteTestUsingTestNg" time="1.376" errors="0" timestamp="2022-03-28T16:32:34 IST" skipped="0">
  <testcase classname="kite_pom_testng.KiteTestUsingTestNg" name="ValidateUserID" time="1.376"/>
  <system-out>
    <![CDATA[Validating userid
validated userid successfully]]>
  </system-out>
</testsuite> <!-- kite_pom_testng.KiteTestUsingTestNg -->
