<?xml version="1.0" encoding="UTF-8"?>
<!-- Generated by org.testng.reporters.JUnitReportReporter -->
<testsuite hostname="KOKATE-SR" failures="0" tests="4" name="testNG_study.Open_Sites" time="21.063" errors="0" timestamp="2022-03-18T21:27:59 IST" skipped="0">
  <testcase classname="testNG_study.Open_Sites" name="zerodha" time="1.293"/>
  <system-out/>
  <testcase classname="testNG_study.Open_Sites" name="google" time="5.770"/>
  <system-out/>
  <testcase classname="testNG_study.Open_Sites" name="facebook" time="5.772"/>
  <system-out/>
  <testcase classname="testNG_study.Open_Sites" name="Netflix" time="8.228"/>
  <system-out>
    <![CDATA[welcome to netflix]]>
  </system-out>
</testsuite> <!-- testNG_study.Open_Sites -->
