<?xml version="1.0" encoding="UTF-8"?>
<!-- Generated by org.testng.reporters.JUnitReportReporter -->
<testsuite hostname="KOKATE-SR" failures="0" tests="1" name="asserts_in_testNG.Assert_Fail" time="0.010" errors="0" timestamp="2022-03-23T15:53:55 IST" skipped="0">
  <testcase classname="asserts_in_testNG.Assert_Fail" name="Assertfail" time="0.010"/>
  <system-out/>
</testsuite> <!-- asserts_in_testNG.Assert_Fail -->
