<?xml version="1.0" encoding="UTF-8"?>
<!-- Generated by org.testng.reporters.JUnitReportReporter -->
<testsuite hostname="KOKATE-SR" failures="0" tests="1" name="testNG_study.Firefox_Test" time="32.921" errors="0" timestamp="2022-03-24T20:16:50 IST" skipped="0">
  <testcase classname="testNG_study.Firefox_Test" name="MyFirefox" time="32.921"/>
  <system-out/>
</testsuite> <!-- testNG_study.Firefox_Test -->
