<?xml version="1.0" encoding="UTF-8"?>
<!-- Generated by org.testng.reporters.JUnitReportReporter -->
<testsuite hostname="KOKATE-SR" failures="0" tests="3" name="testNG_xml_study.My_Class2" time="0.008" errors="0" timestamp="2022-03-22T23:45:32 IST" skipped="0">
  <testcase classname="testNG_xml_study.My_Class2" name="TC8" time="0.001"/>
  <system-out>
    <![CDATA[Running TC8]]>
  </system-out>
  <testcase classname="testNG_xml_study.My_Class2" name="TC9" time="0.001"/>
  <system-out>
    <![CDATA[Running TC9]]>
  </system-out>
  <testcase classname="testNG_xml_study.My_Class2" name="TC10" time="0.006"/>
  <system-out>
    <![CDATA[Running TC10]]>
  </system-out>
</testsuite> <!-- testNG_xml_study.My_Class2 -->
