<?xml version="1.0" encoding="UTF-8"?>
<!-- Generated by org.testng.reporters.JUnitReportReporter -->
<testsuite hostname="KOKATE-SR" failures="0" tests="4" name="testNG_study.MyClass" time="0.013" errors="0" timestamp="2022-03-17T17:35:56 IST" skipped="0">
  <testcase classname="testNG_study.MyClass" name="MyMethod2" time="0.001"/>
  <system-out/>
  <testcase classname="testNG_study.MyClass" name="MyMethod3" time="0.001"/>
  <system-out/>
  <testcase classname="testNG_study.MyClass" name="MyMethod1" time="0.010"/>
  <system-out/>
  <testcase classname="testNG_study.MyClass" name="MyMethod4" time="0.001"/>
  <system-out/>
</testsuite> <!-- testNG_study.MyClass -->
