<?xml version="1.0" encoding="UTF-8"?>
<!-- Generated by org.testng.reporters.JUnitReportReporter -->
<testsuite hostname="KOKATE-SR" failures="0" tests="2" name="cross_browser_test.CT1" time="9.154" errors="0" timestamp="2022-03-27T20:43:15 IST" skipped="0">
  <testcase classname="cross_browser_test.CT1" name="CrossBrowser" time="6.085"/>
  <system-out/>
  <testcase classname="cross_browser_test.CT1" name="CrossBrowser" time="3.069"/>
  <system-out/>
</testsuite> <!-- cross_browser_test.CT1 -->
