<?xml version="1.0" encoding="UTF-8"?>
<!-- Generated by org.testng.reporters.JUnitReportReporter -->
<testsuite hostname="KOKATE-SR" failures="0" tests="2" name="testNG_xml_study.Test_Group1" time="0.001" errors="0" timestamp="2022-03-23T12:48:17 IST" skipped="0">
  <testcase classname="testNG_xml_study.Test_Group1" name="TC9" time="0.000"/>
  <system-out>
    <![CDATA[Running TC9]]>
  </system-out>
  <testcase classname="testNG_xml_study.Test_Group1" name="TC10" time="0.001"/>
  <system-out>
    <![CDATA[Running TC10]]>
  </system-out>
</testsuite> <!-- testNG_xml_study.Test_Group1 -->
