<?xml version="1.0" encoding="UTF-8"?>
<!-- Generated by org.testng.reporters.JUnitReportReporter -->
<testsuite hostname="KOKATE-SR" failures="0" tests="1" name="testNG_study.Edge_Test" time="5.566" errors="0" timestamp="2022-03-24T20:25:09 IST" skipped="0">
  <testcase classname="testNG_study.Edge_Test" name="edge_launch" time="5.566"/>
  <system-out/>
</testsuite> <!-- testNG_study.Edge_Test -->
