<?xml version="1.0" encoding="UTF-8"?>
<!-- Generated by org.testng.reporters.JUnitReportReporter -->
<testsuite hostname="KOKATE-SR" failures="0" tests="1" name="asserts_in_testNG.Asserts_Equals_Study" time="0.007" errors="0" timestamp="2022-03-23T15:08:33 IST" skipped="0">
  <testcase classname="asserts_in_testNG.Asserts_Equals_Study" name="AssertTest" time="0.007"/>
  <system-out/>
</testsuite> <!-- asserts_in_testNG.Asserts_Equals_Study -->
