<?xml version="1.0" encoding="UTF-8"?>
<!-- Generated by org.testng.reporters.JUnitReportReporter -->
<testsuite hostname="KOKATE-SR" failures="0" tests="1" name="serial_and_parallel.Serial_Execution3" time="7.574" errors="0" timestamp="2022-03-23T12:52:47 IST" skipped="0">
  <testcase classname="serial_and_parallel.Serial_Execution3" name="MyMethod" time="7.574"/>
  <system-out/>
</testsuite> <!-- serial_and_parallel.Serial_Execution3 -->
