<?xml version="1.0" encoding="UTF-8"?>
<!-- Generated by org.testng.reporters.JUnitReportReporter -->
<testsuite hostname="KOKATE-SR" failures="0" tests="3" name="testNG_study.Enable_Study" time="0.009" errors="0" timestamp="2022-03-22T13:06:41 IST" skipped="1">
  <testcase classname="testNG_study.Enable_Study" name="a" time="0.008"/>
  <system-out>
    <![CDATA[running method a]]>
  </system-out>
  <testcase classname="testNG_study.Enable_Study" name="b" time="0.001"/>
  <system-out>
    <![CDATA[running method b]]>
  </system-out>
  <testcase classname="testNG_study.Enable_Study" name="c">
    <skipped/>
  </testcase> <!-- c -->
  <system-out/>
</testsuite> <!-- testNG_study.Enable_Study -->
